<?xml version="1.0" encoding="UTF-8"?>
<!-- Generated by org.testng.reporters.JUnitReportReporter -->
<testsuite hostname="DESKTOP-T7IHCJ8" failures="0" tests="1" name="testCases.HomePageTest" time="4.022" errors="0" timestamp="2024-01-04T18:40:24 IST" skipped="0">
  <testcase classname="testCases.HomePageTest" name="homePageDetails" time="4.022"/>
  <system-out/>
</testsuite> <!-- testCases.HomePageTest -->
