<?xml version="1.0" encoding="UTF-8"?>
<!-- Generated by org.testng.reporters.JUnitReportReporter -->
<testsuite hostname="DESKTOP-T7IHCJ8" failures="0" tests="3" name="testCases.LoginTest" time="21.922" errors="0" timestamp="2024-02-01T19:03:00 IST" skipped="0">
  <testcase classname="testCases.LoginTest" name="loginFunctionalityTest" time="6.963"/>
  <system-out/>
  <testcase classname="testCases.LoginTest" name="loginFunctionalityTest" time="8.271"/>
  <system-out/>
  <testcase classname="testCases.LoginTest" name="loginFunctionalityTest" time="6.688"/>
  <system-out/>
</testsuite> <!-- testCases.LoginTest -->
