<?xml version="1.0" encoding="UTF-8"?>
<!-- Generated by org.testng.reporters.JUnitReportReporter -->
<testsuite hostname="DESKTOP-T7IHCJ8" failures="0" tests="3" name="testCases.LoginTest" time="22.922" errors="0" timestamp="2024-02-01T19:23:28 IST" skipped="0">
  <testcase classname="testCases.LoginTest" name="loginFunctionalityTest" time="7.863"/>
  <system-out/>
  <testcase classname="testCases.LoginTest" name="loginFunctionalityTest" time="6.749"/>
  <system-out/>
  <testcase classname="testCases.LoginTest" name="loginFunctionalityTest" time="8.310"/>
  <system-out/>
</testsuite> <!-- testCases.LoginTest -->
